<?xml version="1.0" encoding="UTF-8"?>
<!-- Generated by org.testng.reporters.JUnitXMLReporter -->
<testsuite hostname="DESKTOP-SFVBRND" ignored="0" name="Test" tests="3" failures="0" timestamp="17 Sep 2024 12:26:26 GMT" time="42.458" errors="0">
  <testcase name="testcase1" time="9.669" classname="testcases.TC_001"/>
  <testcase name="testcase2" time="13.98" classname="testcases.TC_002"/>
  <testcase name="testcase3" time="18.764" classname="testcases.TC_003"/>
</testsuite> <!-- Test -->
