<?xml version="1.0" encoding="UTF-8"?>
<testng-results skipped="0" failed="0" ignored="0" total="3" passed="3">
  <reporter-output>
  </reporter-output>
  <suite name="Suite" duration-ms="42458" started-at="2024-09-17T12:25:41Z" finished-at="2024-09-17T12:26:23Z">
    <groups>
    </groups>
    <test name="Test" duration-ms="42458" started-at="2024-09-17T12:25:41Z" finished-at="2024-09-17T12:26:23Z">
      <class name="testcases.TC_002">
        <test-method status="PASS" signature="testcase2()[pri:0, instance:testcases.TC_002@33a10788]" name="testcase2" duration-ms="13980" started-at="2024-09-17T17:55:50Z" finished-at="2024-09-17T17:56:04Z">
          <reporter-output>
          </reporter-output>
        </test-method> <!-- testcase2 -->
      </class> <!-- testcases.TC_002 -->
      <class name="testcases.TC_001">
        <test-method status="PASS" signature="testcase1()[pri:0, instance:testcases.TC_001@233c0b17]" name="testcase1" duration-ms="9669" started-at="2024-09-17T17:55:41Z" finished-at="2024-09-17T17:55:50Z">
          <reporter-output>
          </reporter-output>
        </test-method> <!-- testcase1 -->
      </class> <!-- testcases.TC_001 -->
      <class name="testcases.TC_003">
        <test-method status="PASS" signature="testcase3()[pri:0, instance:testcases.TC_003@7006c658]" name="testcase3" duration-ms="18764" started-at="2024-09-17T17:56:04Z" finished-at="2024-09-17T17:56:23Z">
          <reporter-output>
          </reporter-output>
        </test-method> <!-- testcase3 -->
      </class> <!-- testcases.TC_003 -->
    </test> <!-- Test -->
  </suite> <!-- Suite -->
</testng-results>
